<?xml version="1.0" encoding="UTF-8"?>
<!-- Generated by org.testng.reporters.JUnitXMLReporter -->
<testsuite ignored="0" hostname="PNQ1-LHP-N91337" failures="0" tests="3" name="Default test" time="2.48" errors="0" timestamp="2025-01-13T15:58:45 IST">
  <testcase classname="test.PutPatchDeleteExamples" name="DeleteTest" time="1.693"/>
  <testcase classname="test.PutPatchDeleteExamples" name="PatchTest" time="0.403"/>
  <testcase classname="test.PutPatchDeleteExamples" name="PutTest" time="0.342"/>
</testsuite> <!-- Default test -->
