<?xml version="1.0" encoding="UTF-8"?>
<!-- Generated by org.testng.reporters.JUnitXMLReporter -->
<testsuite ignored="4" hostname="DESKTOP-76QJ2J4" failures="0" tests="1" name="Default test" time="2.25" errors="0" timestamp="2025-01-10T22:47:52 IST">
  <testcase classname="test.testOnLocalAPI" name="get" time="2.153"/>
  <testcase classname="test.testOnLocalAPI" name="put" time="0.0">
    <ignored/>
  </testcase> <!-- put -->
  <testcase classname="test.testOnLocalAPI" name="patch" time="0.0">
    <ignored/>
  </testcase> <!-- patch -->
  <testcase classname="test.testOnLocalAPI" name="delete" time="0.0">
    <ignored/>
  </testcase> <!-- delete -->
  <testcase classname="test.testOnLocalAPI" name="post" time="0.0">
    <ignored/>
  </testcase> <!-- post -->
</testsuite> <!-- Default test -->
