<?xml version="1.0" encoding="UTF-8"?>
<testng-results ignored="0" total="1" passed="1" failed="0" skipped="0">
  <reporter-output>
  </reporter-output>
  <suite started-at="2025-01-09T23:21:54 IST" name="Default suite" finished-at="2025-01-09T23:21:55 IST" duration-ms="999">
    <groups>
    </groups>
    <test started-at="2025-01-09T23:21:54 IST" name="Default test" finished-at="2025-01-09T23:21:55 IST" duration-ms="999">
      <class name="test.testOnLocalAPI">
        <test-method signature="delete()[pri:0, instance:test.testOnLocalAPI@2a798d51]" started-at="2025-01-09T23:21:54 IST" name="delete" finished-at="2025-01-09T23:21:55 IST" duration-ms="969" status="PASS">
          <reporter-output>
          </reporter-output>
        </test-method> <!-- delete -->
      </class> <!-- test.testOnLocalAPI -->
    </test> <!-- Default test -->
  </suite> <!-- Default suite -->
</testng-results>
