<?xml version="1.0" encoding="UTF-8"?>
<testng-results ignored="0" total="2" passed="2" failed="0" skipped="0">
  <reporter-output>
  </reporter-output>
  <suite started-at="2025-01-09T21:36:46 IST" name="Default suite" finished-at="2025-01-09T21:36:49 IST" duration-ms="3077">
    <groups>
    </groups>
    <test started-at="2025-01-09T21:36:46 IST" name="Default test" finished-at="2025-01-09T21:36:49 IST" duration-ms="3077">
      <class name="test.testExamples">
        <test-method signature="testOne()[pri:0, instance:test.testExamples@9f116cc]" started-at="2025-01-09T21:36:46 IST" name="testOne" finished-at="2025-01-09T21:36:48 IST" duration-ms="2018" status="PASS">
          <reporter-output>
          </reporter-output>
        </test-method> <!-- testOne -->
        <test-method signature="testTwo()[pri:0, instance:test.testExamples@9f116cc]" started-at="2025-01-09T21:36:48 IST" name="testTwo" finished-at="2025-01-09T21:36:49 IST" duration-ms="1016" status="PASS">
          <reporter-output>
          </reporter-output>
        </test-method> <!-- testTwo -->
      </class> <!-- test.testExamples -->
    </test> <!-- Default test -->
  </suite> <!-- Default suite -->
</testng-results>
